Build started 2/17/2016 9:30:05 PM.
     1>Project "C:\Users\German\Documents\Fall2016\MYNGO CODE\MYNGO\Myngo\Myngo.vcxproj" on node 2 (build target(s)).
     1>InitializeBuildStatus:
         Creating "Debug\Myngo.unsuccessfulbuild" because "AlwaysCreate" was specified.
       ClCompile:
         c:\Program Files\Microsoft Visual Studio 10.0\VC\bin\CL.exe /c /ZI /nologo /W3 /WX- /Od /Oy- /D WIN32 /D _DEBUG /D _WINDOWS /D _UNICODE /D UNICODE /Gm /EHsc /RTC1 /MDd /GS /fp:precise /Zc:wchar_t /Zc:forScope /Fo"Debug\\" /Fd"Debug\vc100.pdb" /Gd /TP /analyze- /errorReport:prompt Myngo_inout.cpp
         Myngo_inout.cpp
       Link:
         c:\Program Files\Microsoft Visual Studio 10.0\VC\bin\link.exe /ERRORREPORT:PROMPT /OUT:"C:\Users\German\Documents\Fall2016\MYNGO CODE\MYNGO\Debug\Myngo.exe" /INCREMENTAL:NO /NOLOGO kernel32.lib user32.lib gdi32.lib winspool.lib comdlg32.lib advapi32.lib shell32.lib ole32.lib oleaut32.lib uuid.lib odbc32.lib odbccp32.lib /MANIFEST /ManifestFile:"Debug\Myngo.exe.intermediate.manifest" /MANIFESTUAC:"level='asInvoker' uiAccess='false'" /DEBUG /PDB:"C:\Users\German\Documents\Fall2016\MYNGO CODE\MYNGO\Debug\Myngo.pdb" /SUBSYSTEM:WINDOWS /TLBID:1 /DYNAMICBASE /NXCOMPAT /IMPLIB:"C:\Users\German\Documents\Fall2016\MYNGO CODE\MYNGO\Debug\Myngo.lib" /MACHINE:X86 Debug\Myngo_inout.obj
         ..\..\library.obj
     1>Myngo_inout.obj : warning LNK4075: ignoring '/EDITANDCONTINUE' due to '/INCREMENTAL:NO' specification
     1>library.obj : warning LNK4099: PDB 'vc100.pdb' was not found with 'library.obj' or at 'C:\Users\German\Documents\Fall2016\MYNGO CODE\MYNGO\Debug\vc100.pdb'; linking object as if no debug info
         Myngo.vcxproj -> C:\Users\German\Documents\Fall2016\MYNGO CODE\MYNGO\Debug\Myngo.exe
       Manifest:
         c:\Program Files\Microsoft SDKs\Windows\v7.0A\bin\mt.exe /nologo /verbose /outputresource:"C:\Users\German\Documents\Fall2016\MYNGO CODE\MYNGO\Debug\Myngo.exe;#1" /manifest Debug\Myngo.exe.intermediate.manifest
       FinalizeBuildStatus:
         Deleting file "Debug\Myngo.unsuccessfulbuild".
         Touching "Debug\Myngo.lastbuildstate".
     1>Done Building Project "C:\Users\German\Documents\Fall2016\MYNGO CODE\MYNGO\Myngo\Myngo.vcxproj" (build target(s)).

Build succeeded.

Time Elapsed 00:00:04.24
